<?xml version="1.0" encoding="UTF-8"?>
<testsuite xmlns:xsi="http://www.w3.org/2001/XMLSchema-instance" xsi:noNamespaceSchemaLocation="https://maven.apache.org/surefire/maven-surefire-plugin/xsd/surefire-test-report.xsd" name="com.cpprhtn.AppTest" time="0.017" tests="1" errors="0" skipped="0" failures="0">
  <properties>
    <property name="gopherProxySet" value="false"/>
    <property name="awt.toolkit" value="sun.lwawt.macosx.LWCToolkit"/>
    <property name="file.encoding.pkg" value="sun.io"/>
    <property name="java.specification.version" value="1.8"/>
    <property name="sun.cpu.isalist" value=""/>
    <property name="sun.jnu.encoding" value="UTF-8"/>
    <property name="java.class.path" value="/Users/cpprhtn/study-hadoop/target/test-classes:/Users/cpprhtn/study-hadoop/target/classes:/Users/cpprhtn/.m2/repository/org/apache/hadoop/hadoop-core/1.2.1/hadoop-core-1.2.1.jar:/Users/cpprhtn/.m2/repository/commons-cli/commons-cli/1.2/commons-cli-1.2.jar:/Users/cpprhtn/.m2/repository/xmlenc/xmlenc/0.52/xmlenc-0.52.jar:/Users/cpprhtn/.m2/repository/com/sun/jersey/jersey-core/1.8/jersey-core-1.8.jar:/Users/cpprhtn/.m2/repository/com/sun/jersey/jersey-json/1.8/jersey-json-1.8.jar:/Users/cpprhtn/.m2/repository/org/codehaus/jettison/jettison/1.1/jettison-1.1.jar:/Users/cpprhtn/.m2/repository/stax/stax-api/1.0.1/stax-api-1.0.1.jar:/Users/cpprhtn/.m2/repository/com/sun/xml/bind/jaxb-impl/2.2.3-1/jaxb-impl-2.2.3-1.jar:/Users/cpprhtn/.m2/repository/javax/xml/bind/jaxb-api/2.2.2/jaxb-api-2.2.2.jar:/Users/cpprhtn/.m2/repository/javax/xml/stream/stax-api/1.0-2/stax-api-1.0-2.jar:/Users/cpprhtn/.m2/repository/javax/activation/activation/1.1/activation-1.1.jar:/Users/cpprhtn/.m2/repository/org/codehaus/jackson/jackson-core-asl/1.7.1/jackson-core-asl-1.7.1.jar:/Users/cpprhtn/.m2/repository/org/codehaus/jackson/jackson-jaxrs/1.7.1/jackson-jaxrs-1.7.1.jar:/Users/cpprhtn/.m2/repository/org/codehaus/jackson/jackson-xc/1.7.1/jackson-xc-1.7.1.jar:/Users/cpprhtn/.m2/repository/com/sun/jersey/jersey-server/1.8/jersey-server-1.8.jar:/Users/cpprhtn/.m2/repository/asm/asm/3.1/asm-3.1.jar:/Users/cpprhtn/.m2/repository/commons-io/commons-io/2.1/commons-io-2.1.jar:/Users/cpprhtn/.m2/repository/commons-httpclient/commons-httpclient/3.0.1/commons-httpclient-3.0.1.jar:/Users/cpprhtn/.m2/repository/commons-codec/commons-codec/1.4/commons-codec-1.4.jar:/Users/cpprhtn/.m2/repository/org/apache/commons/commons-math/2.1/commons-math-2.1.jar:/Users/cpprhtn/.m2/repository/commons-configuration/commons-configuration/1.6/commons-configuration-1.6.jar:/Users/cpprhtn/.m2/repository/commons-collections/commons-collections/3.2.1/commons-collections-3.2.1.jar:/Users/cpprhtn/.m2/repository/commons-lang/commons-lang/2.4/commons-lang-2.4.jar:/Users/cpprhtn/.m2/repository/commons-digester/commons-digester/1.8/commons-digester-1.8.jar:/Users/cpprhtn/.m2/repository/commons-beanutils/commons-beanutils/1.7.0/commons-beanutils-1.7.0.jar:/Users/cpprhtn/.m2/repository/commons-beanutils/commons-beanutils-core/1.8.0/commons-beanutils-core-1.8.0.jar:/Users/cpprhtn/.m2/repository/commons-net/commons-net/1.4.1/commons-net-1.4.1.jar:/Users/cpprhtn/.m2/repository/org/mortbay/jetty/jetty/6.1.26/jetty-6.1.26.jar:/Users/cpprhtn/.m2/repository/org/mortbay/jetty/servlet-api/2.5-20081211/servlet-api-2.5-20081211.jar:/Users/cpprhtn/.m2/repository/org/mortbay/jetty/jetty-util/6.1.26/jetty-util-6.1.26.jar:/Users/cpprhtn/.m2/repository/tomcat/jasper-runtime/5.5.12/jasper-runtime-5.5.12.jar:/Users/cpprhtn/.m2/repository/tomcat/jasper-compiler/5.5.12/jasper-compiler-5.5.12.jar:/Users/cpprhtn/.m2/repository/org/mortbay/jetty/jsp-api-2.1/6.1.14/jsp-api-2.1-6.1.14.jar:/Users/cpprhtn/.m2/repository/org/mortbay/jetty/servlet-api-2.5/6.1.14/servlet-api-2.5-6.1.14.jar:/Users/cpprhtn/.m2/repository/org/mortbay/jetty/jsp-2.1/6.1.14/jsp-2.1-6.1.14.jar:/Users/cpprhtn/.m2/repository/ant/ant/1.6.5/ant-1.6.5.jar:/Users/cpprhtn/.m2/repository/commons-el/commons-el/1.0/commons-el-1.0.jar:/Users/cpprhtn/.m2/repository/net/java/dev/jets3t/jets3t/0.6.1/jets3t-0.6.1.jar:/Users/cpprhtn/.m2/repository/hsqldb/hsqldb/1.8.0.10/hsqldb-1.8.0.10.jar:/Users/cpprhtn/.m2/repository/oro/oro/2.0.8/oro-2.0.8.jar:/Users/cpprhtn/.m2/repository/org/eclipse/jdt/core/3.1.1/core-3.1.1.jar:/Users/cpprhtn/.m2/repository/org/codehaus/jackson/jackson-mapper-asl/1.8.8/jackson-mapper-asl-1.8.8.jar:/Users/cpprhtn/.m2/repository/org/apache/hadoop/hadoop-client/1.2.1/hadoop-client-1.2.1.jar:/Users/cpprhtn/.m2/repository/org/apache/mrunit/mrunit/0.8.0-incubating/mrunit-0.8.0-incubating.jar:/Users/cpprhtn/.m2/repository/commons-logging/commons-logging/1.1.1/commons-logging-1.1.1.jar:/Users/cpprhtn/.m2/repository/log4j/log4j/1.2.15/log4j-1.2.15.jar:/Users/cpprhtn/.m2/repository/org/mockito/mockito-all/1.8.5/mockito-all-1.8.5.jar:/Users/cpprhtn/.m2/repository/junit/junit/4.11/junit-4.11.jar:/Users/cpprhtn/.m2/repository/org/hamcrest/hamcrest-core/1.3/hamcrest-core-1.3.jar:"/>
    <property name="java.vm.vendor" value="Azul Systems, Inc."/>
    <property name="sun.arch.data.model" value="64"/>
    <property name="java.vendor.url" value="http://www.azul.com/"/>
    <property name="user.timezone" value=""/>
    <property name="java.vm.specification.version" value="1.8"/>
    <property name="os.name" value="Mac OS X"/>
    <property name="user.country" value="KR"/>
    <property name="sun.java.launcher" value="SUN_STANDARD"/>
    <property name="sun.boot.library.path" value="/Library/Java/JavaVirtualMachines/zulu-8.jdk/Contents/Home/jre/lib"/>
    <property name="sun.java.command" value="/Users/cpprhtn/study-hadoop/target/surefire/surefirebooter6803613946497569415.jar /Users/cpprhtn/study-hadoop/target/surefire 2022-02-08T22-37-51_609-jvmRun1 surefire3911165557662395423tmp surefire_07081282761986477950tmp"/>
    <property name="http.nonProxyHosts" value="local|*.local|169.254/16|*.169.254/16"/>
    <property name="surefire.test.class.path" value="/Users/cpprhtn/study-hadoop/target/test-classes:/Users/cpprhtn/study-hadoop/target/classes:/Users/cpprhtn/.m2/repository/org/apache/hadoop/hadoop-core/1.2.1/hadoop-core-1.2.1.jar:/Users/cpprhtn/.m2/repository/commons-cli/commons-cli/1.2/commons-cli-1.2.jar:/Users/cpprhtn/.m2/repository/xmlenc/xmlenc/0.52/xmlenc-0.52.jar:/Users/cpprhtn/.m2/repository/com/sun/jersey/jersey-core/1.8/jersey-core-1.8.jar:/Users/cpprhtn/.m2/repository/com/sun/jersey/jersey-json/1.8/jersey-json-1.8.jar:/Users/cpprhtn/.m2/repository/org/codehaus/jettison/jettison/1.1/jettison-1.1.jar:/Users/cpprhtn/.m2/repository/stax/stax-api/1.0.1/stax-api-1.0.1.jar:/Users/cpprhtn/.m2/repository/com/sun/xml/bind/jaxb-impl/2.2.3-1/jaxb-impl-2.2.3-1.jar:/Users/cpprhtn/.m2/repository/javax/xml/bind/jaxb-api/2.2.2/jaxb-api-2.2.2.jar:/Users/cpprhtn/.m2/repository/javax/xml/stream/stax-api/1.0-2/stax-api-1.0-2.jar:/Users/cpprhtn/.m2/repository/javax/activation/activation/1.1/activation-1.1.jar:/Users/cpprhtn/.m2/repository/org/codehaus/jackson/jackson-core-asl/1.7.1/jackson-core-asl-1.7.1.jar:/Users/cpprhtn/.m2/repository/org/codehaus/jackson/jackson-jaxrs/1.7.1/jackson-jaxrs-1.7.1.jar:/Users/cpprhtn/.m2/repository/org/codehaus/jackson/jackson-xc/1.7.1/jackson-xc-1.7.1.jar:/Users/cpprhtn/.m2/repository/com/sun/jersey/jersey-server/1.8/jersey-server-1.8.jar:/Users/cpprhtn/.m2/repository/asm/asm/3.1/asm-3.1.jar:/Users/cpprhtn/.m2/repository/commons-io/commons-io/2.1/commons-io-2.1.jar:/Users/cpprhtn/.m2/repository/commons-httpclient/commons-httpclient/3.0.1/commons-httpclient-3.0.1.jar:/Users/cpprhtn/.m2/repository/commons-codec/commons-codec/1.4/commons-codec-1.4.jar:/Users/cpprhtn/.m2/repository/org/apache/commons/commons-math/2.1/commons-math-2.1.jar:/Users/cpprhtn/.m2/repository/commons-configuration/commons-configuration/1.6/commons-configuration-1.6.jar:/Users/cpprhtn/.m2/repository/commons-collections/commons-collections/3.2.1/commons-collections-3.2.1.jar:/Users/cpprhtn/.m2/repository/commons-lang/commons-lang/2.4/commons-lang-2.4.jar:/Users/cpprhtn/.m2/repository/commons-digester/commons-digester/1.8/commons-digester-1.8.jar:/Users/cpprhtn/.m2/repository/commons-beanutils/commons-beanutils/1.7.0/commons-beanutils-1.7.0.jar:/Users/cpprhtn/.m2/repository/commons-beanutils/commons-beanutils-core/1.8.0/commons-beanutils-core-1.8.0.jar:/Users/cpprhtn/.m2/repository/commons-net/commons-net/1.4.1/commons-net-1.4.1.jar:/Users/cpprhtn/.m2/repository/org/mortbay/jetty/jetty/6.1.26/jetty-6.1.26.jar:/Users/cpprhtn/.m2/repository/org/mortbay/jetty/servlet-api/2.5-20081211/servlet-api-2.5-20081211.jar:/Users/cpprhtn/.m2/repository/org/mortbay/jetty/jetty-util/6.1.26/jetty-util-6.1.26.jar:/Users/cpprhtn/.m2/repository/tomcat/jasper-runtime/5.5.12/jasper-runtime-5.5.12.jar:/Users/cpprhtn/.m2/repository/tomcat/jasper-compiler/5.5.12/jasper-compiler-5.5.12.jar:/Users/cpprhtn/.m2/repository/org/mortbay/jetty/jsp-api-2.1/6.1.14/jsp-api-2.1-6.1.14.jar:/Users/cpprhtn/.m2/repository/org/mortbay/jetty/servlet-api-2.5/6.1.14/servlet-api-2.5-6.1.14.jar:/Users/cpprhtn/.m2/repository/org/mortbay/jetty/jsp-2.1/6.1.14/jsp-2.1-6.1.14.jar:/Users/cpprhtn/.m2/repository/ant/ant/1.6.5/ant-1.6.5.jar:/Users/cpprhtn/.m2/repository/commons-el/commons-el/1.0/commons-el-1.0.jar:/Users/cpprhtn/.m2/repository/net/java/dev/jets3t/jets3t/0.6.1/jets3t-0.6.1.jar:/Users/cpprhtn/.m2/repository/hsqldb/hsqldb/1.8.0.10/hsqldb-1.8.0.10.jar:/Users/cpprhtn/.m2/repository/oro/oro/2.0.8/oro-2.0.8.jar:/Users/cpprhtn/.m2/repository/org/eclipse/jdt/core/3.1.1/core-3.1.1.jar:/Users/cpprhtn/.m2/repository/org/codehaus/jackson/jackson-mapper-asl/1.8.8/jackson-mapper-asl-1.8.8.jar:/Users/cpprhtn/.m2/repository/org/apache/hadoop/hadoop-client/1.2.1/hadoop-client-1.2.1.jar:/Users/cpprhtn/.m2/repository/org/apache/mrunit/mrunit/0.8.0-incubating/mrunit-0.8.0-incubating.jar:/Users/cpprhtn/.m2/repository/commons-logging/commons-logging/1.1.1/commons-logging-1.1.1.jar:/Users/cpprhtn/.m2/repository/log4j/log4j/1.2.15/log4j-1.2.15.jar:/Users/cpprhtn/.m2/repository/org/mockito/mockito-all/1.8.5/mockito-all-1.8.5.jar:/Users/cpprhtn/.m2/repository/junit/junit/4.11/junit-4.11.jar:/Users/cpprhtn/.m2/repository/org/hamcrest/hamcrest-core/1.3/hamcrest-core-1.3.jar:"/>
    <property name="sun.cpu.endian" value="little"/>
    <property name="user.home" value="/Users/cpprhtn"/>
    <property name="user.language" value="ko"/>
    <property name="java.specification.vendor" value="Oracle Corporation"/>
    <property name="java.home" value="/Library/Java/JavaVirtualMachines/zulu-8.jdk/Contents/Home/jre"/>
    <property name="basedir" value="/Users/cpprhtn/study-hadoop"/>
    <property name="file.separator" value="/"/>
    <property name="line.separator" value="&#10;"/>
    <property name="jdk.vendor.version" value="Zulu 8.58.0.13-CA-macos-aarch64"/>
    <property name="java.vm.specification.vendor" value="Oracle Corporation"/>
    <property name="java.specification.name" value="Java Platform API Specification"/>
    <property name="java.awt.graphicsenv" value="sun.awt.CGraphicsEnvironment"/>
    <property name="surefire.real.class.path" value="/Users/cpprhtn/study-hadoop/target/surefire/surefirebooter6803613946497569415.jar"/>
    <property name="sun.boot.class.path" value="/Library/Java/JavaVirtualMachines/zulu-8.jdk/Contents/Home/jre/lib/resources.jar:/Library/Java/JavaVirtualMachines/zulu-8.jdk/Contents/Home/jre/lib/rt.jar:/Library/Java/JavaVirtualMachines/zulu-8.jdk/Contents/Home/jre/lib/sunrsasign.jar:/Library/Java/JavaVirtualMachines/zulu-8.jdk/Contents/Home/jre/lib/jsse.jar:/Library/Java/JavaVirtualMachines/zulu-8.jdk/Contents/Home/jre/lib/jce.jar:/Library/Java/JavaVirtualMachines/zulu-8.jdk/Contents/Home/jre/lib/charsets.jar:/Library/Java/JavaVirtualMachines/zulu-8.jdk/Contents/Home/jre/lib/jfr.jar:/Library/Java/JavaVirtualMachines/zulu-8.jdk/Contents/Home/jre/classes"/>
    <property name="sun.management.compiler" value="HotSpot 64-Bit Tiered Compilers"/>
    <property name="ftp.nonProxyHosts" value="local|*.local|169.254/16|*.169.254/16"/>
    <property name="java.runtime.version" value="1.8.0_312-b07"/>
    <property name="user.name" value="cpprhtn"/>
    <property name="path.separator" value=":"/>
    <property name="os.version" value="12.1"/>
    <property name="java.endorsed.dirs" value="/Library/Java/JavaVirtualMachines/zulu-8.jdk/Contents/Home/jre/lib/endorsed"/>
    <property name="java.runtime.name" value="OpenJDK Runtime Environment"/>
    <property name="file.encoding" value="UTF-8"/>
    <property name="java.vm.name" value="OpenJDK 64-Bit Server VM"/>
    <property name="localRepository" value="/Users/cpprhtn/.m2/repository"/>
    <property name="java.vendor.url.bug" value="http://www.azul.com/support/"/>
    <property name="java.io.tmpdir" value="/var/folders/94/f1k1sxsj6mdf88qk8j61pcd00000gn/T/"/>
    <property name="java.version" value="1.8.0_312"/>
    <property name="user.dir" value="/Users/cpprhtn/study-hadoop"/>
    <property name="os.arch" value="aarch64"/>
    <property name="java.vm.specification.name" value="Java Virtual Machine Specification"/>
    <property name="java.awt.printerjob" value="sun.lwawt.macosx.CPrinterJob"/>
    <property name="user.language.format" value="ko-Kore"/>
    <property name="sun.os.patch.level" value="unknown"/>
    <property name="java.library.path" value="/Users/cpprhtn/Library/Java/Extensions:/Library/Java/Extensions:/Network/Library/Java/Extensions:/System/Library/Java/Extensions:/usr/lib/java:."/>
    <property name="java.vm.info" value="mixed mode"/>
    <property name="java.vendor" value="Azul Systems, Inc."/>
    <property name="java.vm.version" value="25.312-b07"/>
    <property name="java.ext.dirs" value="/Users/cpprhtn/Library/Java/Extensions:/Library/Java/JavaVirtualMachines/zulu-8.jdk/Contents/Home/jre/lib/ext:/Library/Java/Extensions:/Network/Library/Java/Extensions:/System/Library/Java/Extensions:/usr/lib/java"/>
    <property name="sun.io.unicode.encoding" value="UnicodeBig"/>
    <property name="java.class.version" value="52.0"/>
    <property name="socksNonProxyHosts" value="local|*.local|169.254/16|*.169.254/16"/>
  </properties>
  <testcase name="shouldAnswerWithTrue" classname="com.cpprhtn.AppTest" time="0.001"/>
</testsuite>